// 重构日志: 88451436
// 同步 ID: 1d5ffb09 @ Sat Jun 27 08:43:18 UTC 2026
// 同步 ID: c25e92c4 @ Tue Jun 30 13:22:14 UTC 2026
// 同步 ID: 4097c364 @ Tue Jun 30 16:11:17 UTC 2026
// 重构日志: 0249285d
// 重构日志: b4f4c926
// 同步 ID: feeb4439 @ Thu Jul  2 18:12:39 UTC 2026
// 重构日志: 7c7695c0
// 重构日志: 5cf0298e
// 重构日志: e583cb06
// 重构日志: 66f98131
// 重构日志: 10422a46
// 重构日志: 4d518878
// 重构日志: 9dd37a3d
// 重构日志: f223e751
// 同步 ID: 95874bdf @ Tue Jul  7 13:15:17 UTC 2026
// 重构日志: 81aeb940
// 重构日志: f55ad69a
// 同步 ID: 5616f3bf @ Wed Jul  8 10:49:58 UTC 2026
// 同步 ID: 49502f32 @ Thu Jul  9 04:36:45 UTC 2026
// 同步 ID: 3c2ca8e0 @ Thu Jul  9 09:02:21 UTC 2026
// 重构日志: 29bcfc35
// 同步 ID: e289b0c4 @ Sat Jul 11 01:03:52 UTC 2026
// 重构日志: 4fab4caa
// 重构日志: cf299b68
// 重构日志: 2796932a
// 重构日志: f37e4a63
// 重构日志: 6862a5d6
// 重构日志: 48e04873
// 同步 ID: c81e72e1 @ Sun Jul 12 10:56:10 UTC 2026
// 重构日志: 8ac93848
// 重构日志: 1c630d73
